[2025-10-24 03:30:30] Exception: Ini adalah test error! in C:\laragon\www\haryadi\routes\web.php on line 21
Stack trace:
#0 [internal function]: Haryadi\Core\Router->{closure}(Object(Haryadi\Core\Request))
#1 C:\laragon\www\haryadi\core\router.php(142): call_user_func_array(Object(Closure), Array)
#2 C:\laragon\www\haryadi\core\router.php(115): Haryadi\Core\Router->executeRoute(Array, Object(Haryadi\Core\Request))
#3 C:\laragon\www\haryadi\core\app.php(48): Haryadi\Core\Router->dispatch()
#4 C:\laragon\www\haryadi\public\index.php(22): Haryadi\Core\App->run()
#5 {main}
[2025-10-24 04:07:20] Exception: Method not found: App\Controllers\AuthController::dashboard in C:\laragon\www\haryadi\core\router.php on line 158
Stack trace:
#0 C:\laragon\www\haryadi\core\router.php(118): Haryadi\Core\Router->executeRoute(Array, Object(Haryadi\Core\Request))
#1 C:\laragon\www\haryadi\core\app.php(48): Haryadi\Core\Router->dispatch()
#2 C:\laragon\www\haryadi\public\index.php(22): Haryadi\Core\App->run()
#3 {main}
[2025-10-24 04:07:34] Exception: Method not found: App\Controllers\AuthController::dashboard in C:\laragon\www\haryadi\core\router.php on line 158
Stack trace:
#0 C:\laragon\www\haryadi\core\router.php(118): Haryadi\Core\Router->executeRoute(Array, Object(Haryadi\Core\Request))
#1 C:\laragon\www\haryadi\core\app.php(48): Haryadi\Core\Router->dispatch()
#2 C:\laragon\www\haryadi\public\index.php(22): Haryadi\Core\App->run()
#3 {main}
[2025-10-24 04:07:38] ErrorException: include(C:\laragon\www\haryadi\resources\views\layouts/../dashboard/main.php): Failed to open stream: No such file or directory in C:\laragon\www\haryadi\resources\views\layouts\dashboard.php on line 177
Stack trace:
#0 C:\laragon\www\haryadi\resources\views\layouts\dashboard.php(177): Haryadi\Core\Router->Haryadi\Core\{closure}(2, 'include(C:\\lara...', 'C:\\laragon\\www\\...', 177)
#1 C:\laragon\www\haryadi\resources\views\layouts\dashboard.php(177): include()
#2 C:\laragon\www\haryadi\core\View.php(31): include('C:\\laragon\\www\\...')
#3 C:\laragon\www\haryadi\core\helpers.php(56): Haryadi\Core\View->render('layouts/dashboa...', Array)
#4 C:\laragon\www\haryadi\routes\web.php(65): view('layouts/dashboa...', Array)
#5 [internal function]: Haryadi\Core\Router->{closure}(Object(Haryadi\Core\Request))
#6 C:\laragon\www\haryadi\core\router.php(145): call_user_func_array(Object(Closure), Array)
#7 C:\laragon\www\haryadi\core\router.php(118): Haryadi\Core\Router->executeRoute(Array, Object(Haryadi\Core\Request))
#8 C:\laragon\www\haryadi\core\app.php(48): Haryadi\Core\Router->dispatch()
#9 C:\laragon\www\haryadi\public\index.php(22): Haryadi\Core\App->run()
#10 {main}
[2025-10-24 04:07:39] ErrorException: include(C:\laragon\www\haryadi\resources\views\layouts/../dashboard/main.php): Failed to open stream: No such file or directory in C:\laragon\www\haryadi\resources\views\layouts\dashboard.php on line 177
Stack trace:
#0 C:\laragon\www\haryadi\resources\views\layouts\dashboard.php(177): Haryadi\Core\Router->Haryadi\Core\{closure}(2, 'include(C:\\lara...', 'C:\\laragon\\www\\...', 177)
#1 C:\laragon\www\haryadi\resources\views\layouts\dashboard.php(177): include()
#2 C:\laragon\www\haryadi\core\View.php(31): include('C:\\laragon\\www\\...')
#3 C:\laragon\www\haryadi\core\helpers.php(56): Haryadi\Core\View->render('layouts/dashboa...', Array)
#4 C:\laragon\www\haryadi\routes\web.php(65): view('layouts/dashboa...', Array)
#5 [internal function]: Haryadi\Core\Router->{closure}(Object(Haryadi\Core\Request))
#6 C:\laragon\www\haryadi\core\router.php(145): call_user_func_array(Object(Closure), Array)
#7 C:\laragon\www\haryadi\core\router.php(118): Haryadi\Core\Router->executeRoute(Array, Object(Haryadi\Core\Request))
#8 C:\laragon\www\haryadi\core\app.php(48): Haryadi\Core\Router->dispatch()
#9 C:\laragon\www\haryadi\public\index.php(22): Haryadi\Core\App->run()
#10 {main}
[2025-10-24 04:07:49] ErrorException: include(C:\laragon\www\haryadi\resources\views\layouts/../dashboard/main.php): Failed to open stream: No such file or directory in C:\laragon\www\haryadi\resources\views\layouts\dashboard.php on line 177
Stack trace:
#0 C:\laragon\www\haryadi\resources\views\layouts\dashboard.php(177): Haryadi\Core\Router->Haryadi\Core\{closure}(2, 'include(C:\\lara...', 'C:\\laragon\\www\\...', 177)
#1 C:\laragon\www\haryadi\resources\views\layouts\dashboard.php(177): include()
#2 C:\laragon\www\haryadi\core\View.php(31): include('C:\\laragon\\www\\...')
#3 C:\laragon\www\haryadi\core\helpers.php(56): Haryadi\Core\View->render('layouts/dashboa...', Array)
#4 C:\laragon\www\haryadi\routes\web.php(65): view('layouts/dashboa...', Array)
#5 [internal function]: Haryadi\Core\Router->{closure}(Object(Haryadi\Core\Request))
#6 C:\laragon\www\haryadi\core\router.php(145): call_user_func_array(Object(Closure), Array)
#7 C:\laragon\www\haryadi\core\router.php(118): Haryadi\Core\Router->executeRoute(Array, Object(Haryadi\Core\Request))
#8 C:\laragon\www\haryadi\core\app.php(48): Haryadi\Core\Router->dispatch()
#9 C:\laragon\www\haryadi\public\index.php(22): Haryadi\Core\App->run()
#10 {main}
[2025-10-24 04:09:24] ErrorException: include(C:\laragon\www\haryadi\resources\views\layouts/../dashboard/main.php): Failed to open stream: No such file or directory in C:\laragon\www\haryadi\resources\views\layouts\dashboard.php on line 177
Stack trace:
#0 C:\laragon\www\haryadi\resources\views\layouts\dashboard.php(177): Haryadi\Core\Router->Haryadi\Core\{closure}(2, 'include(C:\\lara...', 'C:\\laragon\\www\\...', 177)
#1 C:\laragon\www\haryadi\resources\views\layouts\dashboard.php(177): include()
#2 C:\laragon\www\haryadi\core\View.php(31): include('C:\\laragon\\www\\...')
#3 C:\laragon\www\haryadi\core\helpers.php(56): Haryadi\Core\View->render('layouts/dashboa...', Array)
#4 C:\laragon\www\haryadi\routes\web.php(65): view('layouts/dashboa...', Array)
#5 [internal function]: Haryadi\Core\Router->{closure}(Object(Haryadi\Core\Request))
#6 C:\laragon\www\haryadi\core\router.php(145): call_user_func_array(Object(Closure), Array)
#7 C:\laragon\www\haryadi\core\router.php(118): Haryadi\Core\Router->executeRoute(Array, Object(Haryadi\Core\Request))
#8 C:\laragon\www\haryadi\core\app.php(48): Haryadi\Core\Router->dispatch()
#9 C:\laragon\www\haryadi\public\index.php(22): Haryadi\Core\App->run()
#10 {main}
[2025-10-24 04:09:27] ErrorException: include(C:\laragon\www\haryadi\resources\views\layouts/../dashboard/main.php): Failed to open stream: No such file or directory in C:\laragon\www\haryadi\resources\views\layouts\dashboard.php on line 177
Stack trace:
#0 C:\laragon\www\haryadi\resources\views\layouts\dashboard.php(177): Haryadi\Core\Router->Haryadi\Core\{closure}(2, 'include(C:\\lara...', 'C:\\laragon\\www\\...', 177)
#1 C:\laragon\www\haryadi\resources\views\layouts\dashboard.php(177): include()
#2 C:\laragon\www\haryadi\core\View.php(31): include('C:\\laragon\\www\\...')
#3 C:\laragon\www\haryadi\core\helpers.php(56): Haryadi\Core\View->render('layouts/dashboa...', Array)
#4 C:\laragon\www\haryadi\routes\web.php(65): view('layouts/dashboa...', Array)
#5 [internal function]: Haryadi\Core\Router->{closure}(Object(Haryadi\Core\Request))
#6 C:\laragon\www\haryadi\core\router.php(145): call_user_func_array(Object(Closure), Array)
#7 C:\laragon\www\haryadi\core\router.php(118): Haryadi\Core\Router->executeRoute(Array, Object(Haryadi\Core\Request))
#8 C:\laragon\www\haryadi\core\app.php(48): Haryadi\Core\Router->dispatch()
#9 C:\laragon\www\haryadi\public\index.php(22): Haryadi\Core\App->run()
#10 {main}
[2025-10-24 04:09:38] ErrorException: include(C:\laragon\www\haryadi\resources\views\layouts/../dashboard/main.php): Failed to open stream: No such file or directory in C:\laragon\www\haryadi\resources\views\layouts\dashboard.php on line 177
Stack trace:
#0 C:\laragon\www\haryadi\resources\views\layouts\dashboard.php(177): Haryadi\Core\Router->Haryadi\Core\{closure}(2, 'include(C:\\lara...', 'C:\\laragon\\www\\...', 177)
#1 C:\laragon\www\haryadi\resources\views\layouts\dashboard.php(177): include()
#2 C:\laragon\www\haryadi\core\View.php(31): include('C:\\laragon\\www\\...')
#3 C:\laragon\www\haryadi\core\helpers.php(56): Haryadi\Core\View->render('layouts/dashboa...', Array)
#4 C:\laragon\www\haryadi\routes\web.php(65): view('layouts/dashboa...', Array)
#5 [internal function]: Haryadi\Core\Router->{closure}(Object(Haryadi\Core\Request))
#6 C:\laragon\www\haryadi\core\router.php(145): call_user_func_array(Object(Closure), Array)
#7 C:\laragon\www\haryadi\core\router.php(118): Haryadi\Core\Router->executeRoute(Array, Object(Haryadi\Core\Request))
#8 C:\laragon\www\haryadi\core\app.php(48): Haryadi\Core\Router->dispatch()
#9 C:\laragon\www\haryadi\public\index.php(22): Haryadi\Core\App->run()
#10 {main}
[2025-10-24 04:10:06] ErrorException: include(C:\laragon\www\haryadi\resources\views\layouts/../dashboard/main.php): Failed to open stream: No such file or directory in C:\laragon\www\haryadi\resources\views\layouts\dashboard.php on line 177
Stack trace:
#0 C:\laragon\www\haryadi\resources\views\layouts\dashboard.php(177): Haryadi\Core\Router->Haryadi\Core\{closure}(2, 'include(C:\\lara...', 'C:\\laragon\\www\\...', 177)
#1 C:\laragon\www\haryadi\resources\views\layouts\dashboard.php(177): include()
#2 C:\laragon\www\haryadi\core\View.php(31): include('C:\\laragon\\www\\...')
#3 C:\laragon\www\haryadi\core\helpers.php(56): Haryadi\Core\View->render('layouts/dashboa...', Array)
#4 C:\laragon\www\haryadi\routes\web.php(65): view('layouts/dashboa...', Array)
#5 [internal function]: Haryadi\Core\Router->{closure}(Object(Haryadi\Core\Request))
#6 C:\laragon\www\haryadi\core\router.php(145): call_user_func_array(Object(Closure), Array)
#7 C:\laragon\www\haryadi\core\router.php(118): Haryadi\Core\Router->executeRoute(Array, Object(Haryadi\Core\Request))
#8 C:\laragon\www\haryadi\core\app.php(48): Haryadi\Core\Router->dispatch()
#9 C:\laragon\www\haryadi\public\index.php(22): Haryadi\Core\App->run()
#10 {main}
[2025-10-24 04:16:18] ErrorException: Undefined variable $router in C:\laragon\www\haryadi\public\index.php on line 30
Stack trace:
#0 C:\laragon\www\haryadi\public\index.php(30): Haryadi\Core\Router->Haryadi\Core\{closure}(2, 'Undefined varia...', 'C:\\laragon\\www\\...', 30)
#1 {main}
[2025-10-24 04:16:24] ErrorException: Undefined variable $router in C:\laragon\www\haryadi\public\index.php on line 30
Stack trace:
#0 C:\laragon\www\haryadi\public\index.php(30): Haryadi\Core\Router->Haryadi\Core\{closure}(2, 'Undefined varia...', 'C:\\laragon\\www\\...', 30)
#1 {main}
